C51 COMPILER V9.52.0.0   APP                                                               12/18/2014 10:55:45 PAGE 1   


C51 COMPILER V9.52.0.0, COMPILATION OF MODULE APP
OBJECT MODULE PLACED IN .\output\app.obj
COMPILER INVOKED BY: C:\Keil\C51\BIN\C51.EXE source\app.c BROWSE INCDIR(.\include) DEBUG OBJECTEXTEND PRINT(.\listings\a
                    -pp.lst) TABS(2) OBJECT(.\output\app.obj)

line level    source

   1          #include "typedefs.h"
   2          #include "app.h"
   3          #include "digitDisplay.h"
   4          
   5          APP app = {0};
   6          
   7          
   8          void App_init(void)
   9          {
  10   1      
  11   1      }
  12          
  13          
  14          void App_task(void)
  15          {
  16   1        
  17   1      }
  18          
  19          
  20          
  21                      
  22                            
  23            


MODULE INFORMATION:   STATIC OVERLAYABLE
   CODE SIZE        =      2    ----
   CONSTANT SIZE    =   ----    ----
   XDATA SIZE       =   ----    ----
   PDATA SIZE       =   ----    ----
   DATA SIZE        =      2    ----
   IDATA SIZE       =   ----    ----
   BIT SIZE         =   ----    ----
END OF MODULE INFORMATION.


C51 COMPILATION COMPLETE.  0 WARNING(S),  0 ERROR(S)
