C51 COMPILER V9.52.0.0   HB                                                                12/18/2014 10:55:46 PAGE 1   


C51 COMPILER V9.52.0.0, COMPILATION OF MODULE HB
OBJECT MODULE PLACED IN .\output\HB.obj
COMPILER INVOKED BY: C:\Keil\C51\BIN\C51.EXE source\HB.c BROWSE INCDIR(.\include) DEBUG OBJECTEXTEND PRINT(.\listings\HB
                    -.lst) TABS(2) OBJECT(.\output\HB.obj)

line level    source

   1          #include <AT89X52.h>
   2          #include "HB.h"
   3          #include "board.h"
   4          
   5          bit Led_State;
   6          
   7          
   8          void HeartBeat_Init(void)
   9          {
  10   1        Led_State = 0;
  11   1      }
  12          
  13          // Heart Beat LED 
  14          void HeartBeat_task(void)
  15          {
  16   1        if (Led_State == 1)
  17   1        {
  18   2          HeartBeat = 1;
  19   2          Led_State = 0;
  20   2        }
  21   1        
  22   1        else 
  23   1        {
  24   2          HeartBeat = 0;
  25   2          Led_State = 1;
  26   2        }
  27   1        
  28   1      }


MODULE INFORMATION:   STATIC OVERLAYABLE
   CODE SIZE        =     16    ----
   CONSTANT SIZE    =   ----    ----
   XDATA SIZE       =   ----    ----
   PDATA SIZE       =   ----    ----
   DATA SIZE        =   ----    ----
   IDATA SIZE       =   ----    ----
   BIT SIZE         =      1    ----
END OF MODULE INFORMATION.


C51 COMPILATION COMPLETE.  0 WARNING(S),  0 ERROR(S)
