C51 COMPILER V9.52.0.0   KEYPAD                                                            12/18/2014 10:51:42 PAGE 1   


C51 COMPILER V9.52.0.0, COMPILATION OF MODULE KEYPAD
OBJECT MODULE PLACED IN .\output\keypad.obj
COMPILER INVOKED BY: C:\Keil\C51\BIN\C51.EXE source\keypad.c BROWSE INCDIR(.\include) DEBUG OBJECTEXTEND PRINT(.\listing
                    -s\keypad.lst) TABS(2) OBJECT(.\output\keypad.obj)

line level    source

   1          #include <AT89X52.H>
   2          #include "typedefs.h"
   3          #include "keypad.h"
   4          #include "board.h"
   5          #include "timer.h"
   6          
   7          UINT8 debounce_count = 0;
   8          UINT8 column = 0XFF;
   9          
  10          UINT8 keypad_task(void)
  11          {
  12   1      UINT8 key_pressed = 0XFF;       //used to store the pressed key
  13   1      
  14   1        UINT8 row, r, c;
  15   1        
  16   1          if (column == 0XFF)
  17   1          {
  18   2            for (r = 0; r < NO_OF_ROWS; r++)
  19   2            { 
  20   3              
  21   3              ROW1 = 1;
  22   3              ROW2 = 1;
  23   3              ROW3 = 1;
  24   3              ROW4 = 1;
  25   3              
  26   3              switch(r)
  27   3              {
  28   4                case 0: ROW1 = 0;
  29   4                        row  = r;
  30   4                        break;
  31   4                case 1: ROW2 = 0;
  32   4                        row  = r;
  33   4                        break;
  34   4                case 2: ROW3 = 0;
  35   4                        row  = r;
  36   4                        break;
  37   4                case 3: ROW4 = 0;
  38   4                        row  = r;
  39   4                        break;
  40   4              }
  41   3              
  42   3              for (c = 0; c < NO_OF_COLUMNS; c++)
  43   3              {
  44   4                switch(c)
  45   4                {
  46   5                  case 0: if (!COLUMN1)
  47   5                          column = c;
  48   5                          break;
  49   5                  case 1: if (!COLUMN2)
  50   5                          column = c;
  51   5                          break;
  52   5                  case 2: if (!COLUMN3)
  53   5                          column = c;
  54   5                          break;
C51 COMPILER V9.52.0.0   KEYPAD                                                            12/18/2014 10:51:42 PAGE 2   

  55   5                }
  56   4                if (column != 0XFF)
  57   4                    break;
  58   4              }
  59   3              
  60   3              if (column != 0XFF)
  61   3              {
  62   4                debounce_count = 0;
  63   4                break;
  64   4              }
  65   3              
  66   3            }
  67   2          }
  68   1          
  69   1          
  70   1          else 
  71   1          {
  72   2            if (debounce_count > 150)
  73   2            {
  74   3              switch (column)
  75   3              {
  76   4                case 0: if (!COLUMN1)
  77   4                        key_pressed = ((row*NO_OF_COLUMNS)+column);
  78   4                        break;
  79   4                case 1: if (!COLUMN2)
  80   4                        key_pressed = ((row*NO_OF_COLUMNS)+column);
  81   4                        break;
  82   4                case 2: if (!COLUMN3)
  83   4                        key_pressed = ((row*NO_OF_COLUMNS)+column);
  84   4                        break;
  85   4                default: break;
  86   4              }       
  87   3              
  88   3              debounce_count = 0;
  89   3              column = 0XFF;
  90   3              
  91   3              
  92   3          
  93   3            }
  94   2      
  95   2          }
  96   1          return(key_pressed);
  97   1      
  98   1        }
  99              
 100              
 101              


MODULE INFORMATION:   STATIC OVERLAYABLE
   CODE SIZE        =    160    ----
   CONSTANT SIZE    =   ----    ----
   XDATA SIZE       =   ----    ----
   PDATA SIZE       =   ----    ----
   DATA SIZE        =      2    ----
   IDATA SIZE       =   ----    ----
   BIT SIZE         =   ----    ----
END OF MODULE INFORMATION.


C51 COMPILATION COMPLETE.  0 WARNING(S),  0 ERROR(S)
