C51 COMPILER V9.52.0.0   MAIN                                                              12/18/2014 10:55:46 PAGE 1   


C51 COMPILER V9.52.0.0, COMPILATION OF MODULE MAIN
OBJECT MODULE PLACED IN .\output\main.obj
COMPILER INVOKED BY: C:\Keil\C51\BIN\C51.EXE source\main.c BROWSE INCDIR(.\include) DEBUG OBJECTEXTEND PRINT(.\listings\
                    -main.lst) TABS(2) OBJECT(.\output\main.obj)

line level    source

   1          #include "typedefs.h"
   2          #include "timer.h"
   3          #include "HB.h"
   4          #include "digitDisplay.h"
   5          #include "app.h"
   6          
   7          
   8          UINT16 count = 0;
   9          
  10          //char key_array[] = {'1', '2', '3', '4', '5', '6', '7', '8', '9', '*', '0', '#'};
  11          
  12          void main()
  13          { 
  14   1        Timer0_Init();    // Timer initialization
  15   1        Timer2_Init();    // Timer1 initialization
  16   1        HeartBeat_Init(); // HearBeat initialization
  17   1        EA = 1;           // Enabling global interrupts
  18   1        Digit_Display_init();
  19   1        App_init();
  20   1        
  21   1        
  22   1        while(1)
  23   1        {
  24   2          if (count >= 500)     //Turn ON Heart Beat Led for every 500ms
  25   2          {
  26   3            HeartBeat_task();
  27   3            count = 0;
  28   3          }
  29   2          
  30   2          App_task();
  31   2          
  32   2        }
  33   1        
  34   1      }


MODULE INFORMATION:   STATIC OVERLAYABLE
   CODE SIZE        =     41    ----
   CONSTANT SIZE    =   ----    ----
   XDATA SIZE       =   ----    ----
   PDATA SIZE       =   ----    ----
   DATA SIZE        =      2    ----
   IDATA SIZE       =   ----    ----
   BIT SIZE         =   ----    ----
END OF MODULE INFORMATION.


C51 COMPILATION COMPLETE.  0 WARNING(S),  0 ERROR(S)
