C51 COMPILER V9.52.0.0   TIMER                                                             12/18/2014 10:55:46 PAGE 1   


C51 COMPILER V9.52.0.0, COMPILATION OF MODULE TIMER
OBJECT MODULE PLACED IN .\output\timer.obj
COMPILER INVOKED BY: C:\Keil\C51\BIN\C51.EXE source\timer.c BROWSE INCDIR(.\include) DEBUG OBJECTEXTEND PRINT(.\listings
                    -\timer.lst) TABS(2) OBJECT(.\output\timer.obj)

line level    source

   1          #include <AT89X52.h>
   2          #include "typedefs.h"
   3          #include "timer.h"
   4          #include "digitDisplay.h"
   5          
   6          extern UINT16 count;
   7          extern UINT8 debounce_count;
   8          
   9          
  10          /*----------------------------------------------------------------------------------------
  11                                                  TIMER-0
  12          ----------------------------------------------------------------------------------------*/
  13          
  14          // Initializing Timer0 in mode-1
  15          void Timer0_Init(void)
  16          {
  17   1        TMOD |= 0X01;
  18   1        ET0 = 1;
  19   1        Timer0_Reload();
  20   1      }
  21          
  22          /* 1ms Timer
  23          
  24          CALC: 1) 1ms/1.0856us = 922
  25                2) 65535 - 922 = 61614 = 0XFC66;
  26          
  27          */
  28          void Timer0_Reload(void)
  29          {
  30   1        TH0 = 0XFC;
  31   1        TL0 = 0X66;
  32   1        
  33   1        TR0 = 1;
  34   1        
  35   1      }
  36          
  37          // Timer-0 interrupt service routine
  38          void Timer0_ISR(void) interrupt 1 using 2
  39          {
  40   1        TF0 = 0;
  41   1        TR0 = 0;
  42   1        count++;          // main
  43   1        debounce_count++; // keypad
  44   1        Timer0_Reload();
  45   1      }
  46          
  47          /*----------------------------------------------------------------------------------------
  48                                                  TIMER-2
  49          ----------------------------------------------------------------------------------------*/
  50          // Initializing Timer1 in mode-1
  51          void Timer2_Init(void)
  52          {
  53   1        T2MOD = 1;
  54   1        ET2 = 1;
C51 COMPILER V9.52.0.0   TIMER                                                             12/18/2014 10:55:46 PAGE 2   

  55   1        Timer2_Reload();
  56   1      }
  57          
  58          /* 2ms Timer
  59          CALC: 1) 2ms/1.0856us = 1842
  60                2) 65535 - 1842 = 63693 = 0XF8CD;
  61          
  62          */
  63          void Timer2_Reload(void)
  64          {
  65   1        TH2 = 0XF8;
  66   1        TL2 = 0XCD;
  67   1        
  68   1        TR2 = 1;
  69   1        
  70   1      }
  71          
  72          // Timer-2 interrupt service routine
  73          void Timer2_ISR(void) interrupt TF2_VECTOR
  74          {
  75   1        TF2 = 0;
  76   1        TR2 = 0;
  77   1        Digit_Display_task();
  78   1        
  79   1        Timer2_Reload();
  80   1        
  81   1      }
  82          


MODULE INFORMATION:   STATIC OVERLAYABLE
   CODE SIZE        =    122    ----
   CONSTANT SIZE    =   ----    ----
   XDATA SIZE       =   ----    ----
   PDATA SIZE       =   ----    ----
   DATA SIZE        =   ----    ----
   IDATA SIZE       =   ----    ----
   BIT SIZE         =   ----    ----
END OF MODULE INFORMATION.


C51 COMPILATION COMPLETE.  0 WARNING(S),  0 ERROR(S)
